D:\VS2010_PROJECT\D2D_MIB\D2D_MIB\DEBUG\ASN_APPLICATION.OBJ
D:\VS2010_PROJECT\D2D_MIB\D2D_MIB\DEBUG\ASN_BIT_DATA.OBJ
D:\VS2010_PROJECT\D2D_MIB\D2D_MIB\DEBUG\ASN_CODECS_PRIM.OBJ
D:\VS2010_PROJECT\D2D_MIB\D2D_MIB\DEBUG\ASN_INTERNAL.OBJ
D:\VS2010_PROJECT\D2D_MIB\D2D_MIB\DEBUG\ASN_RANDOM_FILL.OBJ
D:\VS2010_PROJECT\D2D_MIB\D2D_MIB\DEBUG\ASN_SEQUENCE_OF.OBJ
D:\VS2010_PROJECT\D2D_MIB\D2D_MIB\DEBUG\ASN_SET_OF.OBJ
D:\VS2010_PROJECT\D2D_MIB\D2D_MIB\DEBUG\BER_DECODER.OBJ
D:\VS2010_PROJECT\D2D_MIB\D2D_MIB\DEBUG\BER_TLV_LENGTH.OBJ
D:\VS2010_PROJECT\D2D_MIB\D2D_MIB\DEBUG\BER_TLV_TAG.OBJ
D:\VS2010_PROJECT\D2D_MIB\D2D_MIB\DEBUG\BIT_STRING.OBJ
D:\VS2010_PROJECT\D2D_MIB\D2D_MIB\DEBUG\BOOLEAN.OBJ
D:\VS2010_PROJECT\D2D_MIB\D2D_MIB\DEBUG\CARRIER.OBJ
D:\vs2010_project\d2d_mib\d2d_mib\Debug\cl.command.1.tlog
D:\vs2010_project\d2d_mib\d2d_mib\Debug\CL.read.1.tlog
D:\vs2010_project\d2d_mib\d2d_mib\Debug\CL.write.1.tlog
D:\VS2010_PROJECT\D2D_MIB\D2D_MIB\DEBUG\CONSTR_CHOICE.OBJ
D:\VS2010_PROJECT\D2D_MIB\D2D_MIB\DEBUG\CONSTR_SEQUENCE.OBJ
D:\VS2010_PROJECT\D2D_MIB\D2D_MIB\DEBUG\CONSTR_SEQUENCE_OF.OBJ
D:\VS2010_PROJECT\D2D_MIB\D2D_MIB\DEBUG\CONSTR_SET_OF.OBJ
D:\VS2010_PROJECT\D2D_MIB\D2D_MIB\DEBUG\CONSTR_TYPE.OBJ
D:\VS2010_PROJECT\D2D_MIB\D2D_MIB\DEBUG\CONSTRAINTS.OBJ
D:\VS2010_PROJECT\D2D_MIB\D2D_MIB\DEBUG\D2D_MIB.EXE.EMBED.MANIFEST
D:\VS2010_PROJECT\D2D_MIB\D2D_MIB\DEBUG\D2D_MIB.EXE.EMBED.MANIFEST.RES
D:\VS2010_PROJECT\D2D_MIB\D2D_MIB\DEBUG\D2D_MIB.EXE.INTERMEDIATE.MANIFEST
D:\vs2010_project\d2d_mib\d2d_mib\Debug\d2d_mib.vcxprojResolveAssemblyReference.cache
D:\vs2010_project\d2d_mib\d2d_mib\Debug\d2d_mib.write.1.tlog
D:\vs2010_project\d2d_mib\d2d_mib\Debug\d2d_mib_manifest.rc
D:\VS2010_PROJECT\D2D_MIB\D2D_MIB\DEBUG\DER_ENCODER.OBJ
D:\VS2010_PROJECT\D2D_MIB\D2D_MIB\DEBUG\DL-AM-RLC.OBJ
D:\VS2010_PROJECT\D2D_MIB\D2D_MIB\DEBUG\DL-UM-RLC.OBJ
D:\VS2010_PROJECT\D2D_MIB\D2D_MIB\DEBUG\DRB-IDENTITY.OBJ
D:\VS2010_PROJECT\D2D_MIB\D2D_MIB\DEBUG\DRB-TOADDMOD.OBJ
D:\VS2010_PROJECT\D2D_MIB\D2D_MIB\DEBUG\DRB-TOADDMODLIST.OBJ
D:\VS2010_PROJECT\D2D_MIB\D2D_MIB\DEBUG\DRB-TORELEASELIST.OBJ
D:\VS2010_PROJECT\D2D_MIB\D2D_MIB\DEBUG\INTEGER.OBJ
D:\vs2010_project\d2d_mib\d2d_mib\Debug\link.9664.read.1.tlog
D:\vs2010_project\d2d_mib\d2d_mib\Debug\link.9664.write.1.tlog
D:\vs2010_project\d2d_mib\d2d_mib\Debug\link.9664-cvtres.read.1.tlog
D:\vs2010_project\d2d_mib\d2d_mib\Debug\link.9664-cvtres.write.1.tlog
D:\vs2010_project\d2d_mib\d2d_mib\Debug\link.command.1.tlog
D:\vs2010_project\d2d_mib\d2d_mib\Debug\link.read.1.tlog
D:\vs2010_project\d2d_mib\d2d_mib\Debug\link.write.1.tlog
D:\vs2010_project\d2d_mib\d2d_mib\Debug\link-cvtres.read.1.tlog
D:\vs2010_project\d2d_mib\d2d_mib\Debug\link-cvtres.write.1.tlog
D:\VS2010_PROJECT\D2D_MIB\D2D_MIB\DEBUG\LOGICCHANNELCONFIG.OBJ
D:\VS2010_PROJECT\D2D_MIB\D2D_MIB\DEBUG\LOGICCHENNEL-IDENTITY.OBJ
D:\VS2010_PROJECT\D2D_MIB\D2D_MIB\DEBUG\MACCONFIG.OBJ
D:\VS2010_PROJECT\D2D_MIB\D2D_MIB\DEBUG\MAIN.OBJ
D:\VS2010_PROJECT\D2D_MIB\D2D_MIB\DEBUG\MASTERINFORMATIONBLOCK.OBJ
D:\vs2010_project\d2d_mib\d2d_mib\Debug\mt.command.1.tlog
D:\vs2010_project\d2d_mib\d2d_mib\Debug\mt.read.1.tlog
D:\vs2010_project\d2d_mib\d2d_mib\Debug\mt.write.1.tlog
D:\VS2010_PROJECT\D2D_MIB\D2D_MIB\DEBUG\NATIVEENUMERATED.OBJ
D:\VS2010_PROJECT\D2D_MIB\D2D_MIB\DEBUG\NATIVEINTEGER.OBJ
D:\VS2010_PROJECT\D2D_MIB\D2D_MIB\DEBUG\OCTET_STRING.OBJ
D:\VS2010_PROJECT\D2D_MIB\D2D_MIB\DEBUG\OPEN_TYPE.OBJ
D:\VS2010_PROJECT\D2D_MIB\D2D_MIB\DEBUG\PDCCH-CONFIGCOMMON.OBJ
D:\VS2010_PROJECT\D2D_MIB\D2D_MIB\DEBUG\PDSCHDEDICATECONFIG.OBJ
D:\VS2010_PROJECT\D2D_MIB\D2D_MIB\DEBUG\PER_DECODER.OBJ
D:\VS2010_PROJECT\D2D_MIB\D2D_MIB\DEBUG\PER_ENCODER.OBJ
D:\VS2010_PROJECT\D2D_MIB\D2D_MIB\DEBUG\PER_OPENTYPE.OBJ
D:\VS2010_PROJECT\D2D_MIB\D2D_MIB\DEBUG\PER_SUPPORT.OBJ
D:\VS2010_PROJECT\D2D_MIB\D2D_MIB\DEBUG\P-MAX.OBJ
D:\VS2010_PROJECT\D2D_MIB\D2D_MIB\DEBUG\POLLBYTE.OBJ
D:\VS2010_PROJECT\D2D_MIB\D2D_MIB\DEBUG\POLLBYTE-R14.OBJ
D:\VS2010_PROJECT\D2D_MIB\D2D_MIB\DEBUG\POLLPDU.OBJ
D:\VS2010_PROJECT\D2D_MIB\D2D_MIB\DEBUG\POLLPDU-V1310.OBJ
D:\VS2010_PROJECT\D2D_MIB\D2D_MIB\DEBUG\PUSCHHOPPINGCONFIG.OBJ
D:\VS2010_PROJECT\D2D_MIB\D2D_MIB\DEBUG\RADIORESOURCECONFIGCOMMONSIB.OBJ
D:\VS2010_PROJECT\D2D_MIB\D2D_MIB\DEBUG\RADIORESOURCECONFIGDEDICATE.OBJ
D:\vs2010_project\d2d_mib\d2d_mib\Debug\rc.command.1.tlog
D:\vs2010_project\d2d_mib\d2d_mib\Debug\rc.read.1.tlog
D:\vs2010_project\d2d_mib\d2d_mib\Debug\rc.write.1.tlog
D:\VS2010_PROJECT\D2D_MIB\D2D_MIB\DEBUG\RECTANGLE.OBJ
D:\VS2010_PROJECT\D2D_MIB\D2D_MIB\DEBUG\RLC-CONFIG.OBJ
D:\VS2010_PROJECT\D2D_MIB\D2D_MIB\DEBUG\RRC_MSG_ASN1C_FUNC.OBJ
D:\VS2010_PROJECT\D2D_MIB\D2D_MIB\DEBUG\RRCCONNECTIONRELEASE.OBJ
D:\VS2010_PROJECT\D2D_MIB\D2D_MIB\DEBUG\RRCCONNECTIONREQUEST.OBJ
D:\VS2010_PROJECT\D2D_MIB\D2D_MIB\DEBUG\RRCCONNECTIONSETUP.OBJ
D:\VS2010_PROJECT\D2D_MIB\D2D_MIB\DEBUG\SIB-PDCCH-CONFIG.OBJ
D:\VS2010_PROJECT\D2D_MIB\D2D_MIB\DEBUG\SN-FIELDLENGTH.OBJ
D:\VS2010_PROJECT\D2D_MIB\D2D_MIB\DEBUG\SRB-IDENTITY.OBJ
D:\VS2010_PROJECT\D2D_MIB\D2D_MIB\DEBUG\SRB-TOADDMOD.OBJ
D:\VS2010_PROJECT\D2D_MIB\D2D_MIB\DEBUG\SRB-TOADDMODLIST.OBJ
D:\VS2010_PROJECT\D2D_MIB\D2D_MIB\DEBUG\SYSTEMINFORMATIONBLOCKTYPE1.OBJ
D:\VS2010_PROJECT\D2D_MIB\D2D_MIB\DEBUG\TDD-CONFIG.OBJ
D:\VS2010_PROJECT\D2D_MIB\D2D_MIB\DEBUG\T-POLLRETRANSMIT.OBJ
D:\VS2010_PROJECT\D2D_MIB\D2D_MIB\DEBUG\T-REORDERING.OBJ
D:\VS2010_PROJECT\D2D_MIB\D2D_MIB\DEBUG\T-STATUSPROHIBIT.OBJ
D:\VS2010_PROJECT\D2D_MIB\D2D_MIB\DEBUG\UL-AM-RLC.OBJ
D:\VS2010_PROJECT\D2D_MIB\D2D_MIB\DEBUG\ULREFSIGCONFIG-PUSCH.OBJ
D:\VS2010_PROJECT\D2D_MIB\D2D_MIB\DEBUG\UL-UM-RLC.OBJ
D:\vs2010_project\d2d_mib\d2d_mib\Debug\vc100.idb
D:\VS2010_PROJECT\D2D_MIB\D2D_MIB\DEBUG\VC100.PDB
D:\VS2010_PROJECT\D2D_MIB\D2D_MIB\DEBUG\XER_DECODER.OBJ
D:\VS2010_PROJECT\D2D_MIB\D2D_MIB\DEBUG\XER_ENCODER.OBJ
D:\VS2010_PROJECT\D2D_MIB\D2D_MIB\DEBUG\XER_SUPPORT.OBJ
D:\VS2010_PROJECT\D2D_MIB\DEBUG\D2D_MIB.EXE
D:\VS2010_PROJECT\D2D_MIB\DEBUG\D2D_MIB.ILK
D:\VS2010_PROJECT\D2D_MIB\DEBUG\D2D_MIB.PDB
